#
# There is insufficient memory for the Java Runtime Environment to continue.
# Native memory allocation (malloc) failed to allocate 1048576 bytes for AllocateHeap
# Possible reasons:
#   The system is out of physical RAM or swap space
#   The process is running with CompressedOops enabled, and the Java Heap may be blocking the growth of the native heap
# Possible solutions:
#   Reduce memory load on the system
#   Increase physical memory or swap space
#   Check if swap backing store is full
#   Decrease Java heap size (-Xmx/-Xms)
#   Decrease number of Java threads
#   Decrease Java thread stack sizes (-Xss)
#   Set larger code cache with -XX:ReservedCodeCacheSize=
#   JVM is running with Unscaled Compressed Oops mode in which the Java heap is
#     placed in the first 4GB address space. The Java Heap base address is the
#     maximum limit for the native heap growth. Please use -XX:HeapBaseMinAddress
#     to set the Java Heap base and to place the Java Heap above 4GB virtual address.
# This output file may be truncated or incomplete.
#
#  Out of Memory Error (memory/allocation.inline.hpp:61), pid=17288, tid=0x0000000000005c30
#
# JRE version:  (8.0_212-b10) (build )
# Java VM: Java HotSpot(TM) 64-Bit Server VM (25.212-b10 mixed mode windows-amd64 compressed oops)
# Failed to write core dump. Minidumps are not enabled by default on client versions of Windows
#

---------------  T H R E A D  ---------------

Current thread (0x0000000002154800):  JavaThread "Unknown thread" [_thread_in_vm, id=23600, stack(0x0000000002030000,0x0000000002130000)]

Stack: [0x0000000002030000,0x0000000002130000]
[error occurred during error reporting (printing stack bounds), id 0xc0000005]

Native frames: (J=compiled Java code, j=interpreted, Vv=VM code, C=native code)


---------------  P R O C E S S  ---------------

Java Threads: ( => current thread )

Other Threads:

=>0x0000000002154800 (exited) JavaThread "Unknown thread" [_thread_in_vm, id=23600, stack(0x0000000002030000,0x0000000002130000)]

VM state:not at safepoint (normal execution)

VM Mutex/Monitor currently owned by a thread: None

heap address: 0x0000000085600000, size: 1962 MB, Compressed Oops mode: 32-bit
Narrow klass base: 0x0000000000000000, Narrow klass shift: 3
Compressed class space size: 1073741824 Address: 0x0000000100000000

Heap:
 PSYoungGen      total 36864K, used 634K [0x00000000d7200000, 0x00000000d9b00000, 0x0000000100000000)
  eden space 31744K, 2% used [0x00000000d7200000,0x00000000d729eb90,0x00000000d9100000)
  from space 5120K, 0% used [0x00000000d9600000,0x00000000d9600000,0x00000000d9b00000)
  to   space 5120K, 0% used [0x00000000d9100000,0x00000000d9100000,0x00000000d9600000)
 ParOldGen       total 84992K, used 0K [0x0000000085600000, 0x000000008a900000, 0x00000000d7200000)
  object space 84992K, 0% used [0x0000000085600000,0x0000000085600000,0x000000008a900000)
 Metaspace       used 775K, capacity 4480K, committed 4480K, reserved 1056768K
  class space    used 76K, capacity 384K, committed 384K, reserved 1048576K

Card table byte_map: [0x00000000116e0000,0x0000000011ac0000] byte_map_base: 0x00000000112b5000

Marking Bits: (ParMarkBitMap*) 0x00000000757a5ce0
 Begin Bits: [0x0000000012150000, 0x0000000013ff8000)
 End Bits:   [0x0000000013ff8000, 0x0000000015ea0000)

Polling page: 0x0000000000850000

CodeCache: size=245760Kb used=327Kb max_used=327Kb free=245432Kb
 bounds [0x0000000002320000, 0x0000000002590000, 0x0000000011320000]
 total_blobs=57 nmethods=0 adapters=38
 compilation: enabled

Compilation events (0 events):
No events

GC Heap History (0 events):
No events

Deoptimization events (0 events):
No events

Classes redefined (0 events):
No events

Internal exceptions (0 events):
No events

Events (10 events):
Event: 0.173 loading class java/lang/Short
Event: 0.173 loading class java/lang/Short done
Event: 0.173 loading class java/lang/Integer
Event: 0.173 loading class java/lang/Integer done
Event: 0.173 loading class java/lang/Long
Event: 0.173 loading class java/lang/Long done
Event: 0.175 loading class java/lang/NullPointerException
Event: 0.175 loading class java/lang/NullPointerException done
Event: 0.175 loading class java/lang/ArithmeticException
Event: 0.175 loading class java/lang/ArithmeticException done


Dynamic libraries:
0x00007ff7abbb0000 - 0x00007ff7abbe7000 	C:\Program Files\Java\jdk1.8.0_212\bin\javaw.exe
0x00007ffbc64c0000 - 0x00007ffbc66b0000 	C:\WINDOWS\SYSTEM32\ntdll.dll
0x00007ffbc5ed0000 - 0x00007ffbc5f82000 	C:\WINDOWS\System32\KERNEL32.DLL
0x00007ffbc3e40000 - 0x00007ffbc40e4000 	C:\WINDOWS\System32\KERNELBASE.dll
0x00007ffbc4790000 - 0x00007ffbc4833000 	C:\WINDOWS\System32\ADVAPI32.dll
0x00007ffbc5d60000 - 0x00007ffbc5dfe000 	C:\WINDOWS\System32\msvcrt.dll
0x00007ffbc4c10000 - 0x00007ffbc4ca7000 	C:\WINDOWS\System32\sechost.dll
0x00007ffbc4840000 - 0x00007ffbc4960000 	C:\WINDOWS\System32\RPCRT4.dll
0x00007ffbc4fe0000 - 0x00007ffbc5174000 	C:\WINDOWS\System32\USER32.dll
0x00007ffbc42f0000 - 0x00007ffbc4311000 	C:\WINDOWS\System32\win32u.dll
0x00007ffbc45d0000 - 0x00007ffbc45f6000 	C:\WINDOWS\System32\GDI32.dll
0x00007ffbc4320000 - 0x00007ffbc44b5000 	C:\WINDOWS\System32\gdi32full.dll
0x00007ffbc3470000 - 0x00007ffbc350e000 	C:\WINDOWS\System32\msvcp_win.dll
0x00007ffbc3540000 - 0x00007ffbc363a000 	C:\WINDOWS\System32\ucrtbase.dll
0x00007ffba7200000 - 0x00007ffba7484000 	C:\WINDOWS\WinSxS\amd64_microsoft.windows.common-controls_6595b64144ccf1df_6.0.18362.900_none_e6beb9d913147d17\COMCTL32.dll
0x00007ffbc5270000 - 0x00007ffbc55a5000 	C:\WINDOWS\System32\combase.dll
0x00007ffbc3640000 - 0x00007ffbc36c0000 	C:\WINDOWS\System32\bcryptPrimitives.dll
0x00007ffbc4600000 - 0x00007ffbc462e000 	C:\WINDOWS\System32\IMM32.DLL
0x0000000075830000 - 0x0000000075902000 	C:\Program Files\Java\jdk1.8.0_212\jre\bin\msvcr100.dll
0x0000000074f80000 - 0x0000000075825000 	C:\Program Files\Java\jdk1.8.0_212\jre\bin\server\jvm.dll
0x00007ffbc5ca0000 - 0x00007ffbc5ca8000 	C:\WINDOWS\System32\PSAPI.DLL
0x00007ffb98770000 - 0x00007ffb98779000 	C:\WINDOWS\SYSTEM32\WSOCK32.dll
0x00007ffbc4b80000 - 0x00007ffbc4bef000 	C:\WINDOWS\System32\WS2_32.dll
0x00007ffbbca20000 - 0x00007ffbbca2a000 	C:\WINDOWS\SYSTEM32\VERSION.dll
0x00007ffbb32b0000 - 0x00007ffbb32d4000 	C:\WINDOWS\SYSTEM32\WINMM.dll
0x00007ffbb3280000 - 0x00007ffbb32ad000 	C:\WINDOWS\SYSTEM32\winmmbase.dll
0x00007ffbc4520000 - 0x00007ffbc456a000 	C:\WINDOWS\System32\cfgmgr32.dll
0x00007ffbbea50000 - 0x00007ffbbea5f000 	C:\Program Files\Java\jdk1.8.0_212\jre\bin\verify.dll
0x00007ffbac5a0000 - 0x00007ffbac5c9000 	C:\Program Files\Java\jdk1.8.0_212\jre\bin\java.dll
0x00007ffbac580000 - 0x00007ffbac596000 	C:\Program Files\Java\jdk1.8.0_212\jre\bin\zip.dll

VM Arguments:
jvm_args: -Dfile.encoding=UTF-8 
java_command: SeleniumSession1.SeleniumSession1.Frames
java_class_path (initial): D:\zelenium\SeleniumSession1\target\test-classes;D:\zelenium\SeleniumSession1\target\classes;C:\Users\unkan\.m2\repository\junit\junit\3.8.1\junit-3.8.1.jar;C:\Users\unkan\.m2\repository\org\seleniumhq\selenium\selenium-java\4.0.0-alpha-6\selenium-java-4.0.0-alpha-6.jar;C:\Users\unkan\.m2\repository\org\seleniumhq\selenium\selenium-api\4.0.0-alpha-6\selenium-api-4.0.0-alpha-6.jar;C:\Users\unkan\.m2\repository\org\seleniumhq\selenium\selenium-chrome-driver\4.0.0-alpha-6\selenium-chrome-driver-4.0.0-alpha-6.jar;C:\Users\unkan\.m2\repository\com\google\auto\service\auto-service-annotations\1.0-rc6\auto-service-annotations-1.0-rc6.jar;C:\Users\unkan\.m2\repository\com\google\auto\service\auto-service\1.0-rc6\auto-service-1.0-rc6.jar;C:\Users\unkan\.m2\repository\com\google\auto\auto-common\0.10\auto-common-0.10.jar;C:\Users\unkan\.m2\repository\com\google\guava\guava\29.0-jre\guava-29.0-jre.jar;C:\Users\unkan\.m2\repository\com\google\guava\failureaccess\1.0.1\failureaccess-1.0.1.jar;C:\Users\unkan\.m2\repository\com\google\guava\listenablefuture\9999.0-empty-to-avoid-conflict-with-guava\listenablefuture-9999.0-empty-to-avoid-conflict-with-guava.jar;C:\Users\unkan\.m2\repository\com\google\code\findbugs\jsr305\3.0.2\jsr305-3.0.2.jar;C:\Users\unkan\.m2\repository\org\checkerframework\checker-qual\2.11.1\checker-qual-2.11.1.jar;C:\Users\unkan\.m2\repository\com\google\errorprone\error_prone_annotations\2.3.4\error_prone_annotations-2.3.4.jar;C:\Users\unkan\.m2\repository\com\google\j2objc\j2objc-annotations\1.3\j2objc-annotations-1.3.jar;C:\Users\unkan\.m2\repository\org\seleniumhq\selenium\selenium-chromium-driver\4.0.0-alpha-6\selenium-chromium-driver-4.0.0-alpha-6.jar;C:\Users\unkan\.m2\repository\org\seleniumhq\selenium\selenium-devtools\4.0.0-alpha-6\selenium-devtools-4.0.0-alpha-6.jar;C:\Users\unkan\.m2\repository\org\seleniumhq\selenium\selenium-http\4.0.0-alpha-6\selenium-http-4.0.0-alpha-6.jar;C:\Users\unkan\.m2\repository\org\seleniu
Launcher Type: SUN_STANDARD

Environment Variables:
JAVA_HOME=C:\Program Files\Java\jdk1.8.0_212
JRE_HOME=C:\Program Files\Java\jre1.8.0_212
CLASSPATH=C:\Program Files\Java\jdk1.8.0_212\lib;
PATH=C:/Program Files/Java/jre1.8.0_212/bin/server;C:/Program Files/Java/jre1.8.0_212/bin;C:/Program Files/Java/jre1.8.0_212/lib/amd64;C:\Program Files (x86)\Common Files\Oracle\Java\javapath;C:\WINDOWS\system32;C:\WINDOWS;C:\WINDOWS\System32\Wbem;C:\WINDOWS\System32\WindowsPowerShell\v1.0\;C:\WINDOWS\System32\OpenSSH\;C:\Program Files\Java\jdk1.8.0_212\bin;C:\tools\apache-maven-3.6.1\bin;C:\tools\apache-maven-3.6.1\bin;C:\Program Files\Git\cmd;C:\Program Files\nodejs\;C:\Users\unkan\AppData\Local\Programs\Python\Python37\Scripts\;C:\Users\unkan\AppData\Local\Programs\Python\Python37\;C:\Users\unkan\AppData\Local\Microsoft\WindowsApps;C:\Users\unkan\AppData\Local\GitHubDesktop\bin;C:\Users\unkan\AppData\Roaming\npm;C:\Users\unkan\AppData\Local\Programs\Microsoft VS Code\bin;C:\Program Files\JetBrains\PyCharm 2019.3.3\bin;;C:\Users\unkan\AppData\Local\Microsoft\WindowsApps;;C:\WINDOWS\system32;
USERNAME=unkan
OS=Windows_NT
PROCESSOR_IDENTIFIER=AMD64 Family 23 Model 17 Stepping 0, AuthenticAMD



---------------  S Y S T E M  ---------------

OS: Windows 10.0 , 64 bit Build 18362 (10.0.18362.900)

CPU:total 4 (initial active 4) (4 cores per cpu, 1 threads per core) family 23 model 17 stepping 0, cmov, cx8, fxsr, mmx, sse, sse2, sse3, ssse3, sse4.1, sse4.2, popcnt, avx, avx2, aes, clmul, mmxext, 3dnowpref, lzcnt, sse4a, tsc, tscinvbit, tscinv, bmi1

Memory: 4k page, physical 8031504k(925752k free), swap 23499148k(4736k free)

vm_info: Java HotSpot(TM) 64-Bit Server VM (25.212-b10) for windows-amd64 JRE (1.8.0_212-b10), built on Apr  1 2019 22:50:23 by "java_re" with MS VC++ 10.0 (VS2010)

time: Mon Jul 06 22:05:02 2020
timezone: W. Europe Summer Time
elapsed time: 0 seconds (0d 0h 0m 0s)

