2019-11-25 00:16:39 INFO  NuvasiveLoginPage:47 - # Login Page Welcome
2019-11-25 00:16:39 INFO  NuvasiveLoginPage:59 - # Login Page To Our Site
2019-11-25 00:16:45 INFO  NuvasiveLoginPage:68 - # Login Page Login
2019-11-25 00:16:45 INFO  NuvasiveLoginPage:78 - # Login Page Character Count
2019-11-25 00:16:51 INFO  NuvasiveLoginPage:87 - # Login Page UserName Field Availability Check
2019-11-25 00:16:51 INFO  NuvasiveLoginPage:91 - # Login Page Password Field Availability Check
2019-11-25 00:16:56 INFO  NuvasiveLoginPage:97 - # Login Page Submit Button Availability Check
2019-11-25 00:16:56 INFO  NuvasiveLoginPage:104 - # Login Page Submit Button is Clickable Check
2019-11-25 00:17:01 INFO  NuvasiveLoginPage:109 - # Login Page Login Link click
2019-11-25 00:17:01 INFO  NuvasiveLoginPage:47 - # Login Page Welcome
2019-11-25 00:17:07 INFO  NuvasiveLoginPage:116 - # Login Page Credentials provisions
2019-11-25 00:17:07 INFO  NuvasiveLoginPage:121 - # Login Page Submit Button click
2019-11-25 00:17:12 INFO  NuvasiveLoginPage:116 - # Login Page Credentials provisions
2019-11-25 00:17:12 INFO  NuvasiveLoginPage:121 - # Login Page Submit Button click
2019-11-25 00:17:18 INFO  NuvasiveLoginPage:116 - # Login Page Credentials provisions
2019-11-25 00:17:18 INFO  NuvasiveLoginPage:121 - # Login Page Submit Button click
2019-11-25 00:17:23 INFO  NuvasiveLoginPage:116 - # Login Page Credentials provisions
2019-11-25 00:17:23 INFO  NuvasiveLoginPage:126 - # Login Page Username Type Check
2019-11-25 00:17:23 INFO  NuvasiveLoginPage:131 - # Login Page Password Type Check
2019-11-25 00:18:07 INFO  NuvasiveLoginPage:47 - # Login Page Welcome
2019-11-25 00:18:08 INFO  NuvasiveLoginPage:59 - # Login Page To Our Site
2019-11-25 00:18:12 INFO  NuvasiveLoginPage:68 - # Login Page Login
2019-11-25 00:18:13 INFO  NuvasiveLoginPage:78 - # Login Page Character Count
2019-11-25 00:18:18 INFO  NuvasiveLoginPage:87 - # Login Page UserName Field Availability Check
2019-11-25 00:18:18 INFO  NuvasiveLoginPage:91 - # Login Page Password Field Availability Check
2019-11-25 00:18:23 INFO  NuvasiveLoginPage:97 - # Login Page Submit Button Availability Check
2019-11-25 00:18:23 INFO  NuvasiveLoginPage:104 - # Login Page Submit Button is Clickable Check
2019-11-25 00:18:28 INFO  NuvasiveLoginPage:109 - # Login Page Login Link click
2019-11-25 00:18:29 INFO  NuvasiveLoginPage:47 - # Login Page Welcome
2019-11-25 00:18:34 INFO  NuvasiveLoginPage:116 - # Login Page Credentials provisions
2019-11-25 00:18:34 INFO  NuvasiveLoginPage:121 - # Login Page Submit Button click
2019-11-25 00:18:40 INFO  NuvasiveLoginPage:116 - # Login Page Credentials provisions
2019-11-25 00:18:40 INFO  NuvasiveLoginPage:121 - # Login Page Submit Button click
2019-11-25 00:18:46 INFO  NuvasiveLoginPage:116 - # Login Page Credentials provisions
2019-11-25 00:18:46 INFO  NuvasiveLoginPage:121 - # Login Page Submit Button click
2019-11-25 00:18:52 INFO  NuvasiveLoginPage:116 - # Login Page Credentials provisions
2019-11-25 00:18:52 INFO  NuvasiveLoginPage:126 - # Login Page Username Type Check
2019-11-25 00:18:52 INFO  NuvasiveLoginPage:131 - # Login Page Password Type Check
2019-11-25 00:20:30 INFO  NuvasiveLoginPage:47 - # Login Page Welcome
2019-11-25 00:20:30 INFO  NuvasiveLoginPage:59 - # Login Page To Our Site
2019-11-25 00:20:37 INFO  NuvasiveLoginPage:68 - # Login Page Login
2019-11-25 00:20:37 INFO  NuvasiveLoginPage:78 - # Login Page Character Count
2019-11-25 00:20:43 INFO  NuvasiveLoginPage:87 - # Login Page UserName Field Availability Check
2019-11-25 00:20:43 INFO  NuvasiveLoginPage:91 - # Login Page Password Field Availability Check
2019-11-25 00:20:50 INFO  NuvasiveLoginPage:97 - # Login Page Submit Button Availability Check
2019-11-25 00:20:50 INFO  NuvasiveLoginPage:104 - # Login Page Submit Button is Clickable Check
2019-11-25 00:20:57 INFO  NuvasiveLoginPage:109 - # Login Page Login Link click
2019-11-25 00:20:57 INFO  NuvasiveLoginPage:47 - # Login Page Welcome
2019-11-25 00:21:04 INFO  NuvasiveLoginPage:116 - # Login Page Credentials provisions
2019-11-25 00:21:04 INFO  NuvasiveLoginPage:121 - # Login Page Submit Button click
2019-11-25 00:21:10 INFO  NuvasiveLoginPage:116 - # Login Page Credentials provisions
2019-11-25 00:21:10 INFO  NuvasiveLoginPage:121 - # Login Page Submit Button click
2019-11-25 00:21:17 INFO  NuvasiveLoginPage:116 - # Login Page Credentials provisions
2019-11-25 00:21:17 INFO  NuvasiveLoginPage:121 - # Login Page Submit Button click
2019-11-25 00:21:24 INFO  NuvasiveLoginPage:116 - # Login Page Credentials provisions
2019-11-25 00:21:24 INFO  NuvasiveLoginPage:126 - # Login Page Username Type Check
2019-11-25 00:21:24 INFO  NuvasiveLoginPage:131 - # Login Page Password Type Check
2019-11-25 00:21:51 INFO  NuvasiveLoginPage:47 - # Login Page Welcome
2019-11-25 00:21:51 INFO  NuvasiveLoginPage:59 - # Login Page To Our Site
2019-11-25 00:21:57 INFO  NuvasiveLoginPage:68 - # Login Page Login
2019-11-25 00:21:57 INFO  NuvasiveLoginPage:78 - # Login Page Character Count
2019-11-25 00:22:04 INFO  NuvasiveLoginPage:87 - # Login Page UserName Field Availability Check
2019-11-25 00:22:04 INFO  NuvasiveLoginPage:91 - # Login Page Password Field Availability Check
2019-11-25 00:22:10 INFO  NuvasiveLoginPage:97 - # Login Page Submit Button Availability Check
2019-11-25 00:22:10 INFO  NuvasiveLoginPage:104 - # Login Page Submit Button is Clickable Check
2019-11-25 00:22:16 INFO  NuvasiveLoginPage:109 - # Login Page Login Link click
2019-11-25 00:22:17 INFO  NuvasiveLoginPage:47 - # Login Page Welcome
2019-11-25 00:22:24 INFO  NuvasiveLoginPage:116 - # Login Page Credentials provisions
2019-11-25 00:22:24 INFO  NuvasiveLoginPage:121 - # Login Page Submit Button click
2019-11-25 00:22:31 INFO  NuvasiveLoginPage:116 - # Login Page Credentials provisions
2019-11-25 00:22:31 INFO  NuvasiveLoginPage:121 - # Login Page Submit Button click
2019-11-25 00:22:37 INFO  NuvasiveLoginPage:116 - # Login Page Credentials provisions
2019-11-25 00:22:37 INFO  NuvasiveLoginPage:121 - # Login Page Submit Button click
2019-11-25 00:22:44 INFO  NuvasiveLoginPage:116 - # Login Page Credentials provisions
2019-11-25 00:22:45 INFO  NuvasiveLoginPage:126 - # Login Page Username Type Check
2019-11-25 00:22:45 INFO  NuvasiveLoginPage:131 - # Login Page Password Type Check
2019-11-25 00:28:05 INFO  NuvasiveLoginPage:47 - # Login Page Welcome
2019-11-25 00:28:05 INFO  NuvasiveLoginPage:59 - # Login Page To Our Site
2019-11-25 00:28:14 INFO  NuvasiveLoginPage:68 - # Login Page Login
2019-11-25 00:28:14 INFO  NuvasiveLoginPage:78 - # Login Page Character Count
2019-11-25 00:28:21 INFO  NuvasiveLoginPage:87 - # Login Page UserName Field Availability Check
2019-11-25 00:28:21 INFO  NuvasiveLoginPage:91 - # Login Page Password Field Availability Check
2019-11-25 00:28:27 INFO  NuvasiveLoginPage:97 - # Login Page Submit Button Availability Check
2019-11-25 00:28:27 INFO  NuvasiveLoginPage:104 - # Login Page Submit Button is Clickable Check
2019-11-25 00:28:34 INFO  NuvasiveLoginPage:109 - # Login Page Login Link click
2019-11-25 00:28:35 INFO  NuvasiveLoginPage:47 - # Login Page Welcome
2019-11-25 00:28:42 INFO  NuvasiveLoginPage:116 - # Login Page Credentials provisions
2019-11-25 00:28:42 INFO  NuvasiveLoginPage:121 - # Login Page Submit Button click
2019-11-25 00:28:49 INFO  NuvasiveLoginPage:116 - # Login Page Credentials provisions
2019-11-25 00:28:49 INFO  NuvasiveLoginPage:121 - # Login Page Submit Button click
2019-11-25 00:28:56 INFO  NuvasiveLoginPage:116 - # Login Page Credentials provisions
2019-11-25 00:28:56 INFO  NuvasiveLoginPage:121 - # Login Page Submit Button click
2019-11-25 00:29:05 INFO  NuvasiveLoginPage:116 - # Login Page Credentials provisions
2019-11-25 00:29:05 INFO  NuvasiveLoginPage:126 - # Login Page Username Type Check
2019-11-25 00:29:05 INFO  NuvasiveLoginPage:131 - # Login Page Password Type Check
2019-11-25 00:30:29 INFO  NuvasiveLoginPage:47 - # Login Page Welcome
2019-11-25 00:30:29 INFO  NuvasiveLoginPage:59 - # Login Page To Our Site
2019-11-25 00:30:36 INFO  NuvasiveLoginPage:68 - # Login Page Login
2019-11-25 00:30:36 INFO  NuvasiveLoginPage:78 - # Login Page Character Count
2019-11-25 00:30:43 INFO  NuvasiveLoginPage:87 - # Login Page UserName Field Availability Check
2019-11-25 00:30:43 INFO  NuvasiveLoginPage:91 - # Login Page Password Field Availability Check
2019-11-25 00:30:49 INFO  NuvasiveLoginPage:97 - # Login Page Submit Button Availability Check
2019-11-25 00:30:49 INFO  NuvasiveLoginPage:104 - # Login Page Submit Button is Clickable Check
2019-11-25 00:30:56 INFO  NuvasiveLoginPage:109 - # Login Page Login Link click
2019-11-25 00:30:56 INFO  NuvasiveLoginPage:47 - # Login Page Welcome
2019-11-25 00:31:04 INFO  NuvasiveLoginPage:116 - # Login Page Credentials provisions
2019-11-25 00:31:04 INFO  NuvasiveLoginPage:121 - # Login Page Submit Button click
2019-11-25 00:31:12 INFO  NuvasiveLoginPage:116 - # Login Page Credentials provisions
2019-11-25 00:31:12 INFO  NuvasiveLoginPage:121 - # Login Page Submit Button click
2019-11-25 00:31:19 INFO  NuvasiveLoginPage:116 - # Login Page Credentials provisions
2019-11-25 00:31:19 INFO  NuvasiveLoginPage:121 - # Login Page Submit Button click
2019-11-25 00:31:26 INFO  NuvasiveLoginPage:116 - # Login Page Credentials provisions
2019-11-25 00:31:26 INFO  NuvasiveLoginPage:126 - # Login Page Username Type Check
2019-11-25 00:31:26 INFO  NuvasiveLoginPage:131 - # Login Page Password Type Check
2019-11-25 09:29:13 INFO  NuvasiveLoginPage:47 - # Login Page Welcome
2019-11-25 09:29:13 INFO  NuvasiveLoginPage:59 - # Login Page To Our Site
2019-11-25 09:29:18 INFO  NuvasiveLoginPage:68 - # Login Page Login
2019-11-25 09:29:18 INFO  NuvasiveLoginPage:78 - # Login Page Character Count
2019-11-25 09:29:24 INFO  NuvasiveLoginPage:87 - # Login Page UserName Field Availability Check
2019-11-25 09:29:24 INFO  NuvasiveLoginPage:91 - # Login Page Password Field Availability Check
2019-11-25 09:29:29 INFO  NuvasiveLoginPage:97 - # Login Page Submit Button Availability Check
2019-11-25 09:29:29 INFO  NuvasiveLoginPage:104 - # Login Page Submit Button is Clickable Check
2019-11-25 09:29:34 INFO  NuvasiveLoginPage:109 - # Login Page Login Link click
2019-11-25 09:29:35 INFO  NuvasiveLoginPage:47 - # Login Page Welcome
2019-11-25 09:29:40 INFO  NuvasiveLoginPage:116 - # Login Page Credentials provisions
2019-11-25 09:29:40 INFO  NuvasiveLoginPage:121 - # Login Page Submit Button click
2019-11-25 09:29:46 INFO  NuvasiveLoginPage:116 - # Login Page Credentials provisions
2019-11-25 09:29:46 INFO  NuvasiveLoginPage:121 - # Login Page Submit Button click
2019-11-25 09:29:52 INFO  NuvasiveLoginPage:116 - # Login Page Credentials provisions
2019-11-25 09:29:52 INFO  NuvasiveLoginPage:121 - # Login Page Submit Button click
2019-11-25 09:29:57 INFO  NuvasiveLoginPage:116 - # Login Page Credentials provisions
2019-11-25 09:29:57 INFO  NuvasiveLoginPage:126 - # Login Page Username Type Check
2019-11-25 09:29:57 INFO  NuvasiveLoginPage:131 - # Login Page Password Type Check
2019-11-25 09:51:46 INFO  NuvasiveLoginPage:47 - # Login Page Welcome
2019-11-25 09:51:46 INFO  NuvasiveLoginPage:59 - # Login Page To Our Site
2019-11-25 09:51:51 INFO  NuvasiveLoginPage:68 - # Login Page Login
2019-11-25 09:51:51 INFO  NuvasiveLoginPage:78 - # Login Page Character Count
2019-11-25 09:51:56 INFO  NuvasiveLoginPage:87 - # Login Page UserName Field Availability Check
2019-11-25 09:51:56 INFO  NuvasiveLoginPage:91 - # Login Page Password Field Availability Check
2019-11-25 09:52:01 INFO  NuvasiveLoginPage:97 - # Login Page Submit Button Availability Check
2019-11-25 09:52:01 INFO  NuvasiveLoginPage:104 - # Login Page Submit Button is Clickable Check
2019-11-25 09:52:07 INFO  NuvasiveLoginPage:109 - # Login Page Login Link click
2019-11-25 09:52:07 INFO  NuvasiveLoginPage:47 - # Login Page Welcome
2019-11-25 09:52:13 INFO  NuvasiveLoginPage:116 - # Login Page Credentials provisions
2019-11-25 09:52:13 INFO  NuvasiveLoginPage:121 - # Login Page Submit Button click
2019-11-25 09:52:18 INFO  NuvasiveLoginPage:116 - # Login Page Credentials provisions
2019-11-25 09:52:18 INFO  NuvasiveLoginPage:121 - # Login Page Submit Button click
2019-11-25 09:52:24 INFO  NuvasiveLoginPage:116 - # Login Page Credentials provisions
2019-11-25 09:52:24 INFO  NuvasiveLoginPage:121 - # Login Page Submit Button click
2019-11-25 09:52:30 INFO  NuvasiveLoginPage:116 - # Login Page Credentials provisions
2019-11-25 09:52:30 INFO  NuvasiveLoginPage:126 - # Login Page Username Type Check
2019-11-25 09:52:30 INFO  NuvasiveLoginPage:131 - # Login Page Password Type Check
2019-11-25 09:58:03 INFO  NuvasiveLoginPage:47 - # Login Page Welcome
2019-11-25 09:58:03 INFO  NuvasiveLoginPage:59 - # Login Page To Our Site
2019-11-25 09:58:09 INFO  NuvasiveLoginPage:68 - # Login Page Login
2019-11-25 09:58:09 INFO  NuvasiveLoginPage:78 - # Login Page Character Count
2019-11-25 09:58:14 INFO  NuvasiveLoginPage:87 - # Login Page UserName Field Availability Check
2019-11-25 09:58:14 INFO  NuvasiveLoginPage:91 - # Login Page Password Field Availability Check
2019-11-25 09:58:19 INFO  NuvasiveLoginPage:97 - # Login Page Submit Button Availability Check
2019-11-25 09:58:19 INFO  NuvasiveLoginPage:104 - # Login Page Submit Button is Clickable Check
2019-11-25 09:58:25 INFO  NuvasiveLoginPage:109 - # Login Page Login Link click
2019-11-25 09:58:25 INFO  NuvasiveLoginPage:47 - # Login Page Welcome
2019-11-25 09:58:30 INFO  NuvasiveLoginPage:116 - # Login Page Credentials provisions
2019-11-25 09:58:30 INFO  NuvasiveLoginPage:121 - # Login Page Submit Button click
2019-11-25 09:58:36 INFO  NuvasiveLoginPage:116 - # Login Page Credentials provisions
2019-11-25 09:58:36 INFO  NuvasiveLoginPage:121 - # Login Page Submit Button click
2019-11-25 09:58:42 INFO  NuvasiveLoginPage:116 - # Login Page Credentials provisions
2019-11-25 09:58:42 INFO  NuvasiveLoginPage:121 - # Login Page Submit Button click
2019-11-25 09:58:47 INFO  NuvasiveLoginPage:116 - # Login Page Credentials provisions
2019-11-25 09:58:47 INFO  NuvasiveLoginPage:126 - # Login Page Username Type Check
2019-11-25 09:58:47 INFO  NuvasiveLoginPage:131 - # Login Page Password Type Check
2019-11-25 10:01:49 INFO  NuvasiveLoginPage:47 - # Login Page Welcome
2019-11-25 10:01:49 INFO  NuvasiveLoginPage:59 - # Login Page To Our Site
2019-11-25 10:01:55 INFO  NuvasiveLoginPage:68 - # Login Page Login
2019-11-25 10:01:55 INFO  NuvasiveLoginPage:78 - # Login Page Character Count
2019-11-25 10:02:00 INFO  NuvasiveLoginPage:87 - # Login Page UserName Field Availability Check
2019-11-25 10:02:00 INFO  NuvasiveLoginPage:91 - # Login Page Password Field Availability Check
2019-11-25 10:02:05 INFO  NuvasiveLoginPage:97 - # Login Page Submit Button Availability Check
2019-11-25 10:02:05 INFO  NuvasiveLoginPage:104 - # Login Page Submit Button is Clickable Check
2019-11-25 10:02:10 INFO  NuvasiveLoginPage:109 - # Login Page Login Link click
2019-11-25 10:02:11 INFO  NuvasiveLoginPage:47 - # Login Page Welcome
2019-11-25 10:02:16 INFO  NuvasiveLoginPage:116 - # Login Page Credentials provisions
2019-11-25 10:02:16 INFO  NuvasiveLoginPage:121 - # Login Page Submit Button click
2019-11-25 10:02:21 INFO  NuvasiveLoginPage:116 - # Login Page Credentials provisions
2019-11-25 10:02:21 INFO  NuvasiveLoginPage:121 - # Login Page Submit Button click
2019-11-25 10:02:27 INFO  NuvasiveLoginPage:116 - # Login Page Credentials provisions
2019-11-25 10:02:27 INFO  NuvasiveLoginPage:121 - # Login Page Submit Button click
2019-11-25 10:02:32 INFO  NuvasiveLoginPage:116 - # Login Page Credentials provisions
2019-11-25 10:02:32 INFO  NuvasiveLoginPage:126 - # Login Page Username Type Check
2019-11-25 10:02:32 INFO  NuvasiveLoginPage:131 - # Login Page Password Type Check
2020-01-08 15:17:09 INFO  NuvasiveLoginPage:47 - # Login Page Welcome
2020-01-08 15:17:09 INFO  NuvasiveLoginPage:59 - # Login Page To Our Site
2020-01-08 15:17:15 INFO  NuvasiveLoginPage:68 - # Login Page Login
2020-01-08 15:17:15 INFO  NuvasiveLoginPage:78 - # Login Page Character Count
2020-01-08 15:17:20 INFO  NuvasiveLoginPage:87 - # Login Page UserName Field Availability Check
2020-01-08 15:17:20 INFO  NuvasiveLoginPage:91 - # Login Page Password Field Availability Check
2020-01-08 15:17:25 INFO  NuvasiveLoginPage:97 - # Login Page Submit Button Availability Check
2020-01-08 15:17:25 INFO  NuvasiveLoginPage:104 - # Login Page Submit Button is Clickable Check
2020-01-08 15:17:31 INFO  NuvasiveLoginPage:109 - # Login Page Login Link click
2020-01-08 15:17:31 INFO  NuvasiveLoginPage:47 - # Login Page Welcome
2020-01-08 15:17:36 INFO  NuvasiveLoginPage:116 - # Login Page Credentials provisions
2020-01-08 15:17:36 INFO  NuvasiveLoginPage:121 - # Login Page Submit Button click
2020-01-08 15:17:42 INFO  NuvasiveLoginPage:116 - # Login Page Credentials provisions
2020-01-08 15:17:42 INFO  NuvasiveLoginPage:121 - # Login Page Submit Button click
2020-01-08 15:17:48 INFO  NuvasiveLoginPage:116 - # Login Page Credentials provisions
2020-01-08 15:17:48 INFO  NuvasiveLoginPage:121 - # Login Page Submit Button click
2020-01-08 15:17:53 INFO  NuvasiveLoginPage:116 - # Login Page Credentials provisions
2020-01-08 15:17:54 INFO  NuvasiveLoginPage:121 - # Login Page Submit Button click
2020-01-08 15:17:59 INFO  NuvasiveLoginPage:116 - # Login Page Credentials provisions
2020-01-08 15:17:59 INFO  NuvasiveLoginPage:126 - # Login Page Username Type Check
2020-01-08 15:17:59 INFO  NuvasiveLoginPage:131 - # Login Page Password Type Check
2020-01-31 15:44:02 INFO  NuvasiveLoginPage:47 - # Login Page Welcome
2020-01-31 15:44:02 INFO  NuvasiveLoginPage:57 - # Login Page To Our Site
2020-01-31 15:44:08 INFO  NuvasiveLoginPage:64 - # Login Page Login
2020-01-31 15:44:08 INFO  NuvasiveLoginPage:72 - # Login Page Character Count
2020-01-31 15:44:13 INFO  NuvasiveLoginPage:79 - # Login Page UserName Field Availability Check
2020-01-31 15:44:13 INFO  NuvasiveLoginPage:83 - # Login Page Password Field Availability Check
2020-01-31 15:44:19 INFO  NuvasiveLoginPage:89 - # Login Page Submit Button Availability Check
2020-01-31 15:44:19 INFO  NuvasiveLoginPage:96 - # Login Page Submit Button is Clickable Check
2020-01-31 15:44:24 INFO  NuvasiveLoginPage:101 - # Login Page Login Link click
2020-01-31 15:44:25 INFO  NuvasiveLoginPage:47 - # Login Page Welcome
2020-01-31 15:44:30 INFO  NuvasiveLoginPage:108 - # Login Page Credentials provisions
2020-01-31 15:44:30 INFO  NuvasiveLoginPage:113 - # Login Page Submit Button click
2020-01-31 15:44:36 INFO  NuvasiveLoginPage:108 - # Login Page Credentials provisions
2020-01-31 15:44:36 INFO  NuvasiveLoginPage:113 - # Login Page Submit Button click
2020-01-31 15:44:42 INFO  NuvasiveLoginPage:108 - # Login Page Credentials provisions
2020-01-31 15:44:42 INFO  NuvasiveLoginPage:113 - # Login Page Submit Button click
2020-01-31 15:44:48 INFO  NuvasiveLoginPage:108 - # Login Page Credentials provisions
2020-01-31 15:44:48 INFO  NuvasiveLoginPage:113 - # Login Page Submit Button click
2020-01-31 15:44:53 INFO  NuvasiveLoginPage:108 - # Login Page Credentials provisions
2020-01-31 15:44:53 INFO  NuvasiveLoginPage:118 - # Login Page Username Type Check
2020-01-31 15:44:53 INFO  NuvasiveLoginPage:121 - # Login Page Password Type Check
2020-02-05 00:45:13 INFO  NuvasiveLoginPage:47 - # Login Page Welcome
2020-02-05 00:45:13 INFO  NuvasiveLoginPage:57 - # Login Page To Our Site
2020-02-05 00:45:19 INFO  NuvasiveLoginPage:64 - # Login Page Login
2020-02-05 00:45:19 INFO  NuvasiveLoginPage:72 - # Login Page Character Count
2020-02-05 00:45:25 INFO  NuvasiveLoginPage:79 - # Login Page UserName Field Availability Check
2020-02-05 00:45:25 INFO  NuvasiveLoginPage:83 - # Login Page Password Field Availability Check
2020-02-05 00:45:32 INFO  NuvasiveLoginPage:89 - # Login Page Submit Button Availability Check
2020-02-05 00:45:32 INFO  NuvasiveLoginPage:96 - # Login Page Submit Button is Clickable Check
2020-02-05 00:45:39 INFO  NuvasiveLoginPage:101 - # Login Page Login Link click
2020-02-05 00:45:40 INFO  NuvasiveLoginPage:47 - # Login Page Welcome
2020-02-05 00:45:47 INFO  NuvasiveLoginPage:108 - # Login Page Credentials provisions
2020-02-05 00:45:47 INFO  NuvasiveLoginPage:113 - # Login Page Submit Button click
2020-02-05 00:45:53 INFO  NuvasiveLoginPage:108 - # Login Page Credentials provisions
2020-02-05 00:45:53 INFO  NuvasiveLoginPage:113 - # Login Page Submit Button click
2020-02-05 00:46:00 INFO  NuvasiveLoginPage:108 - # Login Page Credentials provisions
2020-02-05 00:46:00 INFO  NuvasiveLoginPage:113 - # Login Page Submit Button click
2020-02-05 00:46:07 INFO  NuvasiveLoginPage:108 - # Login Page Credentials provisions
2020-02-05 00:46:07 INFO  NuvasiveLoginPage:113 - # Login Page Submit Button click
2020-02-05 00:46:13 INFO  NuvasiveLoginPage:108 - # Login Page Credentials provisions
2020-02-05 00:46:13 INFO  NuvasiveLoginPage:118 - # Login Page Username Type Check
2020-02-05 00:46:13 INFO  NuvasiveLoginPage:121 - # Login Page Password Type Check
2020-04-12 17:41:00 INFO  NuvasiveLoginPage:47 - # Login Page Welcome
2020-04-12 17:41:00 INFO  NuvasiveLoginPage:57 - # Login Page To Our Site
2020-04-12 17:41:11 INFO  NuvasiveLoginPage:64 - # Login Page Login
2020-04-12 17:41:11 INFO  NuvasiveLoginPage:72 - # Login Page Character Count
2020-04-12 17:41:20 INFO  NuvasiveLoginPage:79 - # Login Page UserName Field Availability Check
2020-04-12 17:41:20 INFO  NuvasiveLoginPage:83 - # Login Page Password Field Availability Check
2020-04-12 17:41:27 INFO  NuvasiveLoginPage:89 - # Login Page Submit Button Availability Check
2020-04-12 17:41:27 INFO  NuvasiveLoginPage:96 - # Login Page Submit Button is Clickable Check
2020-04-12 17:41:35 INFO  NuvasiveLoginPage:101 - # Login Page Login Link click
2020-04-12 17:41:35 INFO  NuvasiveLoginPage:47 - # Login Page Welcome
2020-04-12 17:41:43 INFO  NuvasiveLoginPage:108 - # Login Page Credentials provisions
2020-04-12 17:41:43 INFO  NuvasiveLoginPage:113 - # Login Page Submit Button click
2020-04-12 17:41:51 INFO  NuvasiveLoginPage:108 - # Login Page Credentials provisions
2020-04-12 17:41:51 INFO  NuvasiveLoginPage:113 - # Login Page Submit Button click
2020-04-12 17:41:59 INFO  NuvasiveLoginPage:108 - # Login Page Credentials provisions
2020-04-12 17:42:00 INFO  NuvasiveLoginPage:113 - # Login Page Submit Button click
2020-04-12 17:42:12 INFO  NuvasiveLoginPage:108 - # Login Page Credentials provisions
2020-04-12 17:42:13 INFO  NuvasiveLoginPage:113 - # Login Page Submit Button click
2020-04-12 17:42:21 INFO  NuvasiveLoginPage:108 - # Login Page Credentials provisions
2020-04-12 17:42:21 INFO  NuvasiveLoginPage:118 - # Login Page Username Type Check
2020-04-12 17:42:21 INFO  NuvasiveLoginPage:121 - # Login Page Password Type Check
